<?xml version="1.0" encoding="UTF-8"?>
<!-- Generated by org.testng.reporters.JUnitReportReporter -->
<testsuite hostname="hp" failures="0" tests="7" name="com.reqres.testCases.TC01_Get_User" time="0.251" errors="0" timestamp="2022-11-07T01:10:51 IST" skipped="0">
  <testcase classname="com.reqres.testCases.TC01_Get_User" name="checkStatusLine" time="0.005"/>
  <system-out/>
  <testcase classname="com.reqres.testCases.TC01_Get_User" name="checkResponseBody" time="0.175"/>
  <system-out/>
  <testcase classname="com.reqres.testCases.TC01_Get_User" name="checkContentEncoding" time="0.024"/>
  <system-out/>
  <testcase classname="com.reqres.testCases.TC01_Get_User" name="checkContentType" time="0.022"/>
  <system-out/>
  <testcase classname="com.reqres.testCases.TC01_Get_User" name="checkResponseTime" time="0.012"/>
  <system-out/>
  <testcase classname="com.reqres.testCases.TC01_Get_User" name="checkStatusCode" time="0.009"/>
  <system-out/>
  <testcase classname="com.reqres.testCases.TC01_Get_User" name="checkServer" time="0.004"/>
  <system-out/>
</testsuite> <!-- com.reqres.testCases.TC01_Get_User -->
