<?xml version="1.0" encoding="UTF-8"?>
<!-- Generated by org.testng.reporters.JUnitReportReporter -->
<testsuite skipped="0" hostname="hp" name="Practicemaven.Practiceglobalsqa" tests="1" failures="0" timestamp="2022-12-22T14:36:49 IST" time="20.882" errors="0">
  <testcase name="alphamethod" time="20.882" classname="Practicemaven.Practiceglobalsqa"/>
  <system-out/>
</testsuite> <!-- Practicemaven.Practiceglobalsqa -->
