<?xml version="1.0" encoding="UTF-8"?>
<!-- Generated by org.testng.reporters.JUnitReportReporter -->
<testsuite skipped="0" hostname="hp" name="com.reqre.testcase.TC01_GetUser" tests="4" failures="0" timestamp="2022-10-12T15:48:57 IST" time="0.154" errors="0">
  <testcase name="checkStatus" time="0.012" classname="com.reqre.testcase.TC01_GetUser"/>
  <system-out/>
  <testcase name="Checkstatusline" time="0.010" classname="com.reqre.testcase.TC01_GetUser"/>
  <system-out/>
  <testcase name="checkResponcebody" time="0.116" classname="com.reqre.testcase.TC01_GetUser"/>
  <system-out/>
  <testcase name="Checkresponcetime" time="0.016" classname="com.reqre.testcase.TC01_GetUser"/>
  <system-out/>
</testsuite> <!-- com.reqre.testcase.TC01_GetUser -->
