<?xml version="1.0" encoding="UTF-8"?>
<!-- Generated by org.testng.reporters.JUnitReportReporter -->
<testsuite skipped="0" hostname="hp" name="Apitesting.Apiproject.multipleselectiom" tests="2" failures="0" timestamp="2022-10-11T00:30:31 IST" time="21.160" errors="0">
  <testcase name="createboking" time="20.605" classname="Apitesting.Apiproject.multipleselectiom"/>
  <system-out/>
  <testcase name="updatebooking" time="0.555" classname="Apitesting.Apiproject.multipleselectiom"/>
  <system-out/>
</testsuite> <!-- Apitesting.Apiproject.multipleselectiom -->
