<?xml version="1.0" encoding="UTF-8"?>
<!-- Generated by org.testng.reporters.JUnitReportReporter -->
<testsuite skipped="1" hostname="DESKTOP-H0057HT" name="org.testNG2.EnabledEx1" tests="10" failures="0" timestamp="2022-06-13T12:02:08 IST" time="0.032" errors="0">
  <testcase name="goodNight" time="0.001" classname="org.testNG2.EnabledEx1"/>
  <system-out/>
  <testcase name="createUser" time="0.002" classname="org.testNG2.EnabledEx1"/>
  <system-out/>
  <testcase name="goodNight" time="0.001" classname="org.testNG2.EnabledEx1"/>
  <system-out/>
  <testcase name="goodNight" time="0.004" classname="org.testNG2.EnabledEx1"/>
  <system-out/>
  <testcase name="goodNight" time="0.002" classname="org.testNG2.EnabledEx1"/>
  <system-out/>
  <testcase name="goodNight" time="0.001" classname="org.testNG2.EnabledEx1"/>
  <system-out/>
  <testcase name="createCustome" time="0.013" classname="org.testNG2.EnabledEx1"/>
  <system-out/>
  <testcase name="login" time="0.007" classname="org.testNG2.EnabledEx1"/>
  <system-out/>
  <testcase name="dashBoard" time="0.001" classname="org.testNG2.EnabledEx1"/>
  <system-out/>
  <testcase name="logout" classname="org.testNG2.EnabledEx1">
    <skipped/>
  </testcase> <!-- logout -->
  <system-out/>
</testsuite> <!-- org.testNG2.EnabledEx1 -->
