<?xml version="1.0" encoding="UTF-8"?>
<!-- Generated by org.testng.reporters.JUnitReportReporter -->
<testsuite skipped="0" hostname="DESKTOP-H0057HT" name="org.testNG1.ActiTimeLoginLogout" tests="1" failures="0" timestamp="2022-07-16T14:33:11 IST" time="13.653" errors="0">
  <testcase name="actiLogin" time="13.653" classname="org.testNG1.ActiTimeLoginLogout"/>
  <system-out/>
</testsuite> <!-- org.testNG1.ActiTimeLoginLogout -->
