<?xml version="1.0" encoding="UTF-8"?>
<!-- Generated by org.testng.reporters.JUnitReportReporter -->
<testsuite skipped="0" hostname="DESKTOP-H0057HT" name="org.Pom_TestCases.DashBoardTestCases" tests="1" failures="0" timestamp="2022-07-17T17:30:07 IST" time="18.136" errors="0">
  <testcase name="verifyDashBoard" time="18.136" classname="org.Pom_TestCases.DashBoardTestCases"/>
  <system-out/>
</testsuite> <!-- org.Pom_TestCases.DashBoardTestCases -->
