<?xml version="1.0" encoding="UTF-8"?>
<!-- Generated by org.testng.reporters.JUnitReportReporter -->
<testsuite skipped="0" hostname="DESKTOP-H0057HT" name="org.Pom_TestCases.NewTest" tests="2" failures="0" timestamp="2022-06-17T18:39:05 IST" time="25.645" errors="0">
  <testcase name="verifyLoginCrede" time="11.459" classname="org.Pom_TestCases.NewTest"/>
  <system-out/>
  <testcase name="verifyLoginFields" time="14.186" classname="org.Pom_TestCases.NewTest"/>
  <system-out/>
</testsuite> <!-- org.Pom_TestCases.NewTest -->
