<?xml version="1.0" encoding="UTF-8"?>
<!-- Generated by org.testng.reporters.JUnitReportReporter -->
<testsuite skipped="0" hostname="DESKTOP-H0057HT" name="org.testNG1.TestNgFirstProgramTest" tests="6" failures="0" timestamp="2022-06-07T12:16:52 IST" time="0.025" errors="0">
  <testcase name="Login" time="0.001" classname="org.testNG1.TestNgFirstProgramTest"/>
  <system-out/>
  <testcase name="login" time="0.003" classname="org.testNG1.TestNgFirstProgramTest"/>
  <system-out/>
  <testcase name="Delete" time="0.014" classname="org.testNG1.TestNgFirstProgramTest"/>
  <system-out/>
  <testcase name="delete" time="0.002" classname="org.testNG1.TestNgFirstProgramTest"/>
  <system-out/>
  <testcase name="update" time="0.003" classname="org.testNG1.TestNgFirstProgramTest"/>
  <system-out/>
  <testcase name="Update" time="0.002" classname="org.testNG1.TestNgFirstProgramTest"/>
  <system-out/>
</testsuite> <!-- org.testNG1.TestNgFirstProgramTest -->
