<?xml version="1.0" encoding="UTF-8"?>
<!-- Generated by org.testng.reporters.JUnitReportReporter -->
<testsuite skipped="0" hostname="DESKTOP-H0057HT" name="org.testNGparallelTesting.ParallelMethodHeadLessbrowser" tests="3" failures="0" timestamp="2022-07-16T22:24:29 IST" time="100.447" errors="0">
  <testcase name="deleteCustomer" time="36.977" classname="org.testNGparallelTesting.ParallelMethodHeadLessbrowser"/>
  <system-out/>
  <testcase name="createCusomer" time="31.758" classname="org.testNGparallelTesting.ParallelMethodHeadLessbrowser"/>
  <system-out/>
  <testcase name="createUser" time="31.712" classname="org.testNGparallelTesting.ParallelMethodHeadLessbrowser"/>
  <system-out/>
</testsuite> <!-- org.testNGparallelTesting.ParallelMethodHeadLessbrowser -->
