<?xml version="1.0" encoding="UTF-8"?>
<!-- Generated by org.testng.reporters.JUnitReportReporter -->
<testsuite skipped="0" hostname="DESKTOP-H0057HT" name="org.testNG2.CustomerManager" tests="2" failures="0" timestamp="2022-06-15T16:35:54 IST" time="66.720" errors="0">
  <testcase name="deleteCustomer" time="35.111" classname="org.testNG2.CustomerManager"/>
  <system-out/>
  <testcase name="createCusomer" time="31.609" classname="org.testNG2.CustomerManager"/>
  <system-out/>
</testsuite> <!-- org.testNG2.CustomerManager -->
