<?xml version="1.0" encoding="UTF-8"?>
<!-- Generated by org.testng.reporters.JUnitReportReporter -->
<testsuite skipped="0" hostname="DESKTOP-H0057HT" name="org.parallelTesting.UserManagerForTest" tests="4" failures="0" timestamp="2022-06-15T18:18:28 IST" time="185.815" errors="0">
  <testcase name="createUser" time="36.913" classname="org.parallelTesting.UserManagerForTest"/>
  <system-out/>
  <testcase name="deleteUser" time="69.977" classname="org.parallelTesting.UserManagerForTest"/>
  <system-out/>
  <testcase name="createUser" time="28.461" classname="org.parallelTesting.UserManagerForTest"/>
  <system-out/>
  <testcase name="createUser" time="50.464" classname="org.parallelTesting.UserManagerForTest"/>
  <system-out/>
</testsuite> <!-- org.parallelTesting.UserManagerForTest -->
