<?xml version="1.0" encoding="UTF-8"?>
<!-- Generated by org.testng.reporters.JUnitReportReporter -->
<testsuite skipped="0" hostname="DESKTOP-H0057HT" name="com.websystique.testng.TestDataBase" tests="3" failures="0" timestamp="2022-07-16T16:43:49 IST" time="0.006" errors="0">
  <testcase name="testInsert" time="0.001" classname="com.websystique.testng.TestDataBase"/>
  <system-out/>
  <testcase name="testDelete" time="0.002" classname="com.websystique.testng.TestDataBase"/>
  <system-out/>
  <testcase name="testUpdate" time="0.003" classname="com.websystique.testng.TestDataBase"/>
  <system-out/>
</testsuite> <!-- com.websystique.testng.TestDataBase -->
