<?xml version="1.0" encoding="UTF-8"?>
<!-- Generated by org.testng.reporters.JUnitReportReporter -->
<testsuite skipped="2" hostname="hp" name="org.testNgPractice.ZomatoDropDown" tests="2" failures="0" timestamp="2022-12-20T16:49:26 IST" time="0.000" errors="0">
  <testcase name="searchMenu" time="0.000" classname="org.testNgPractice.ZomatoDropDown">
    <skipped/>
  </testcase> <!-- searchMenu -->
  <system-out/>
  <testcase name="trial" time="0.000" classname="org.testNgPractice.ZomatoDropDown">
    <skipped/>
  </testcase> <!-- trial -->
  <system-out/>
</testsuite> <!-- org.testNgPractice.ZomatoDropDown -->
