<?xml version="1.0" encoding="UTF-8"?>
<!-- Generated by org.testng.reporters.JUnitReportReporter -->
<testsuite skipped="0" hostname="DESKTOP-H0057HT" name="org.AssertionParameter.Parameter" tests="2" failures="0" timestamp="2022-06-17T15:58:34 IST" time="29.805" errors="0">
  <testcase name="actiLogout" time="16.194" classname="org.AssertionParameter.Parameter"/>
  <system-out/>
  <testcase name="verifyLogin" time="13.611" classname="org.AssertionParameter.Parameter"/>
  <system-out/>
</testsuite> <!-- org.AssertionParameter.Parameter -->
