<?xml version="1.0" encoding="UTF-8"?>
<!-- Generated by org.testng.reporters.JUnitReportReporter -->
<testsuite skipped="0" hostname="DESKTOP-H0057HT" name="org.testNG2.GroupingWithExclude" tests="8" failures="0" timestamp="2022-06-13T00:00:06 IST" time="0.030" errors="0">
  <testcase name="goodNight" time="0.002" classname="org.testNG2.GroupingWithExclude"/>
  <system-out/>
  <testcase name="goodNight" time="0.002" classname="org.testNG2.GroupingWithExclude"/>
  <system-out/>
  <testcase name="createUser" time="0.015" classname="org.testNG2.GroupingWithExclude"/>
  <system-out/>
  <testcase name="goodNight" time="0.003" classname="org.testNG2.GroupingWithExclude"/>
  <system-out/>
  <testcase name="goodNight" time="0.001" classname="org.testNG2.GroupingWithExclude"/>
  <system-out/>
  <testcase name="goodNight" time="0.003" classname="org.testNG2.GroupingWithExclude"/>
  <system-out/>
  <testcase name="logout" time="0.001" classname="org.testNG2.GroupingWithExclude"/>
  <system-out/>
  <testcase name="dashBoard" time="0.003" classname="org.testNG2.GroupingWithExclude"/>
  <system-out/>
</testsuite> <!-- org.testNG2.GroupingWithExclude -->
