<?xml version="1.0" encoding="UTF-8"?>
<!-- Generated by org.testng.reporters.JUnitReportReporter -->
<testsuite skipped="0" hostname="DESKTOP-H0057HT" name="com.websystique.testng.TestUI" tests="2" failures="0" timestamp="2022-07-16T16:43:49 IST" time="0.013" errors="0">
  <testcase name="openFileDialog" time="0.005" classname="com.websystique.testng.TestUI"/>
  <system-out/>
  <testcase name="openConfirmationDialog" time="0.008" classname="com.websystique.testng.TestUI"/>
  <system-out/>
</testsuite> <!-- com.websystique.testng.TestUI -->
