<?xml version="1.0" encoding="UTF-8"?>
<!-- Generated by org.testng.reporters.JUnitReportReporter -->
<testsuite skipped="0" hostname="DESKTOP-H0057HT" name="org.Pom_TestCases.LoginTestCases" tests="2" failures="0" timestamp="2022-07-17T17:30:07 IST" time="95.335" errors="0">
  <testcase name="validateLogin" time="85.191" classname="org.Pom_TestCases.LoginTestCases"/>
  <system-out>
    <![CDATA[Login Successfully Completed]]>
  </system-out>
  <testcase name="verifyLoginFields" time="10.144" classname="org.Pom_TestCases.LoginTestCases"/>
  <system-out>
    <![CDATA[Login fileds are Verified Successfully]]>
  </system-out>
</testsuite> <!-- org.Pom_TestCases.LoginTestCases -->
