<?xml version="1.0" encoding="UTF-8"?>
<!-- Generated by org.testng.reporters.JUnitReportReporter -->
<testsuite skipped="0" hostname="DESKTOP-H0057HT" name="org.testNG1.ActTimeLoginLogoutUsingSuit" tests="2" failures="0" timestamp="2022-06-09T15:34:19 IST" time="27.031" errors="0">
  <testcase name="actiLogin" time="17.546" classname="org.testNG1.ActTimeLoginLogoutUsingSuit"/>
  <system-out/>
  <testcase name="actiLogout" time="9.485" classname="org.testNG1.ActTimeLoginLogoutUsingSuit"/>
  <system-out/>
</testsuite> <!-- org.testNG1.ActTimeLoginLogoutUsingSuit -->
