<?xml version="1.0" encoding="UTF-8"?>
<!-- Generated by org.testng.reporters.JUnitReportReporter -->
<testsuite skipped="0" hostname="DESKTOP-H0057HT" name="org.testNGparallelTesting.ParallelMethodHeadLessbrowser2" tests="3" failures="0" timestamp="2022-07-16T22:24:29 IST" time="91.186" errors="0">
  <testcase name="deleteCustomer" time="28.886" classname="org.testNGparallelTesting.ParallelMethodHeadLessbrowser2"/>
  <system-out/>
  <testcase name="createUser" time="33.481" classname="org.testNGparallelTesting.ParallelMethodHeadLessbrowser2"/>
  <system-out/>
  <testcase name="createCusomer" time="28.819" classname="org.testNGparallelTesting.ParallelMethodHeadLessbrowser2"/>
  <system-out/>
</testsuite> <!-- org.testNGparallelTesting.ParallelMethodHeadLessbrowser2 -->
