<?xml version="1.0" encoding="UTF-8"?>
<!-- Generated by org.testng.reporters.JUnitReportReporter -->
<testsuite skipped="0" hostname="DESKTOP-H0057HT" name="com.websystique.testng.TestSecurity" tests="2" failures="0" timestamp="2022-07-16T16:43:49 IST" time="0.004" errors="0">
  <testcase name="accessHomePage" time="0.002" classname="com.websystique.testng.TestSecurity"/>
  <system-out/>
  <testcase name="accessAdminPage" time="0.002" classname="com.websystique.testng.TestSecurity"/>
  <system-out/>
</testsuite> <!-- com.websystique.testng.TestSecurity -->
