<?xml version="1.0" encoding="UTF-8"?>
<!-- Generated by org.testng.reporters.JUnitReportReporter -->
<testsuite skipped="0" hostname="DESKTOP-H0057HT" name="org.testNG1.VerifyActiTimeLogin" tests="1" failures="0" timestamp="2022-06-09T18:24:56 IST" time="11.397" errors="0">
  <testcase name="actiLogin" time="11.397" classname="org.testNG1.VerifyActiTimeLogin"/>
  <system-out/>
</testsuite> <!-- org.testNG1.VerifyActiTimeLogin -->
