<?xml version="1.0" encoding="UTF-8"?>
<!-- Generated by org.testng.reporters.JUnitReportReporter -->
<testsuite skipped="0" hostname="DESKTOP-H0057HT" name="org.testNG1.TestNgFirstProgram" tests="1" failures="0" timestamp="2022-06-07T11:38:48 IST" time="0.019" errors="0">
  <testcase name="test" time="0.019" classname="org.testNG1.TestNgFirstProgram"/>
  <system-out/>
</testsuite> <!-- org.testNG1.TestNgFirstProgram -->
