<?xml version="1.0" encoding="UTF-8"?>
<!-- Generated by org.testng.reporters.JUnitReportReporter -->
<testsuite skipped="0" hostname="DESKTOP-H0057HT" name="org.testNG2.Grouping" tests="3" failures="0" timestamp="2022-06-12T23:42:37 IST" time="0.015" errors="0">
  <testcase name="logout" time="0.001" classname="org.testNG2.Grouping"/>
  <system-out/>
  <testcase name="dashBoard" time="0.012" classname="org.testNG2.Grouping"/>
  <system-out/>
  <testcase name="login" time="0.002" classname="org.testNG2.Grouping"/>
  <system-out/>
</testsuite> <!-- org.testNG2.Grouping -->
