<?xml version="1.0" encoding="UTF-8"?>
<!-- Generated by org.testng.reporters.JUnitReportReporter -->
<testsuite skipped="0" hostname="hp" name="TestcasePack.Testcase1" tests="1" failures="0" timestamp="2022-07-14T16:56:48 IST" time="19.782" errors="0">
  <testcase name="logintest1" time="19.782" classname="TestcasePack.Testcase1"/>
  <system-out/>
</testsuite> <!-- TestcasePack.Testcase1 -->
