<?xml version="1.0" encoding="UTF-8"?>
<!-- Generated by org.testng.reporters.JUnitReportReporter -->
<testsuite skipped="0" hostname="hp" name="myreport.genicreport" tests="1" failures="0" timestamp="2022-07-14T16:13:08 IST" time="63.452" errors="0">
  <testcase name="driverinvoke" time="63.452" classname="myreport.genicreport"/>
  <system-out/>
</testsuite> <!-- myreport.genicreport -->
