<?xml version="1.0" encoding="UTF-8"?>
<!-- Generated by org.testng.reporters.JUnitReportReporter -->
<testsuite skipped="0" hostname="hp" name="demo.Testng" tests="3" failures="0" timestamp="2022-12-21T11:17:22 IST" time="0.025" errors="0">
  <testcase name="alphamethod" time="0.015" classname="demo.Testng"/>
  <system-out/>
  <testcase name="gamamethod" time="0.004" classname="demo.Testng"/>
  <system-out/>
  <testcase name="Betamethod" time="0.006" classname="demo.Testng"/>
  <system-out/>
</testsuite> <!-- demo.Testng -->
