<?xml version="1.0" encoding="UTF-8"?>
<!-- Generated by org.testng.reporters.JUnitReportReporter -->
<testsuite skipped="0" hostname="hp" name="demo.parametrz" tests="1" failures="0" timestamp="2022-07-02T08:59:46 IST" time="0.017" errors="0">
  <testcase name="Audimethod" time="0.017" classname="demo.parametrz"/>
  <system-out/>
</testsuite> <!-- demo.parametrz -->
