<?xml version="1.0" encoding="UTF-8"?>
<!-- Generated by org.testng.reporters.JUnitReportReporter -->
<testsuite skipped="0" hostname="hp" name="demo.Dataprovider" tests="2" failures="0" timestamp="2022-12-20T07:57:10 IST" time="0.017" errors="0">
  <testcase name="test" time="0.013" classname="demo.Dataprovider"/>
  <system-out/>
  <testcase name="test" time="0.004" classname="demo.Dataprovider"/>
  <system-out/>
</testsuite> <!-- demo.Dataprovider -->
