<?xml version="1.0" encoding="UTF-8"?>
<!-- Generated by org.testng.reporters.JUnitReportReporter -->
<testsuite skipped="0" hostname="hp" name="demo.Importtopicgrouping" tests="3" failures="0" timestamp="2022-09-11T19:34:04 IST" time="0.061" errors="0">
  <testcase name="testMethodThreeThree" time="0.004" classname="demo.Importtopicgrouping"/>
  <system-out/>
  <testcase name="testMethodOneOne" time="0.054" classname="demo.Importtopicgrouping"/>
  <system-out/>
  <testcase name="testMethodTwoTwo" time="0.003" classname="demo.Importtopicgrouping"/>
  <system-out/>
</testsuite> <!-- demo.Importtopicgrouping -->
