<?xml version="1.0" encoding="UTF-8"?>
<!-- Generated by org.testng.reporters.JUnitReportReporter -->
<testsuite skipped="0" hostname="hp" name="demo.logintest" tests="1" failures="0" timestamp="2022-07-13T02:43:31 IST" time="0.034" errors="0">
  <testcase name="loginbyemail" time="0.034" classname="demo.logintest"/>
  <system-out/>
</testsuite> <!-- demo.logintest -->
