<?xml version="1.0" encoding="UTF-8"?>
<!-- Generated by org.testng.reporters.JUnitReportReporter -->
<testsuite skipped="0" hostname="hp" name="Testng" tests="4" failures="0" timestamp="2022-06-11T22:30:15 IST" time="0.021" errors="0">
  <testcase name="betamethod" time="0.004" classname="Testng"/>
  <system-out/>
  <testcase name="testmethod" time="0.003" classname="Testng"/>
  <system-out/>
  <testcase name="alphamethod" time="0.011" classname="Testng"/>
  <system-out/>
  <testcase name="gamamethod" time="0.003" classname="Testng"/>
  <system-out/>
</testsuite> <!-- Testng -->
