<?xml version="1.0" encoding="UTF-8"?>
<!-- Generated by org.testng.reporters.JUnitReportReporter -->
<testsuite skipped="0" hostname="hp" name="demo.helloclass" tests="1" failures="0" timestamp="2022-10-12T01:34:42 IST" time="0.009" errors="0">
  <testcase name="hellomethod" time="0.009" classname="demo.helloclass"/>
  <system-out/>
</testsuite> <!-- demo.helloclass -->
