<?xml version="1.0" encoding="UTF-8"?>
<!-- Generated by org.testng.reporters.JUnitReportReporter -->
<testsuite skipped="0" hostname="hp" name="demo.Imptopic" tests="3" failures="0" timestamp="2022-09-11T19:34:04 IST" time="0.014" errors="0">
  <testcase name="testMethodOne" time="0.004" classname="demo.Imptopic"/>
  <system-out/>
  <testcase name="testMethodTwo" time="0.005" classname="demo.Imptopic"/>
  <system-out/>
  <testcase name="testMethodThree" time="0.005" classname="demo.Imptopic"/>
  <system-out/>
</testsuite> <!-- demo.Imptopic -->
