<?xml version="1.0" encoding="UTF-8"?>
<!-- Generated by org.testng.reporters.JUnitReportReporter -->
<testsuite skipped="1" hostname="DESKTOP-H0057HT" name="org.testNgPractice.FlipkartAddToCart" tests="2" failures="0" timestamp="2022-07-03T17:10:01 IST" time="17.916" errors="0">
  <testcase name="addItemsToCart" time="0.000" classname="org.testNgPractice.FlipkartAddToCart">
    <skipped/>
  </testcase> <!-- addItemsToCart -->
  <system-out/>
  <testcase name="addItemsToCart" time="17.916" classname="org.testNgPractice.FlipkartAddToCart"/>
  <system-out/>
</testsuite> <!-- org.testNgPractice.FlipkartAddToCart -->
